android/app/build/intermediates/manifest_merge_blame_file/debug/processDebugMainManifest/manifest-merger-blame-debug-report.txt
1<?xml version="1.0" encoding="utf-8"?>
2<manifest xmlns:android="http://schemas.android.com/apk/res/android"
3    package="com.example.graduation"
4    android:versionCode="1"
5    android:versionName="1.0.0" >
6
7    <uses-sdk
8        android:minSdkVersion="23"
9        android:targetSdkVersion="35" />
10    <!--
11         The INTERNET permission is required for development. Specifically,
12         the Flutter tool needs it to communicate with the running application
13         to allow setting breakpoints, to provide hot reload, etc.
14    -->
15    <uses-permission android:name="android.permission.INTERNET" />
15-->src/debug/AndroidManifest.xml:6:5-66
15-->src/debug/AndroidManifest.xml:6:22-64
16    <!-- هنا يجب وضع جميع أذونات الوصول - خارج عنصر application -->
17    <uses-permission android:name="android.permission.ACCESS_FINE_LOCATION" />
17-->src/main/AndroidManifest.xml:3:5-78
17-->src/main/AndroidManifest.xml:3:22-76
18    <uses-permission android:name="android.permission.ACCESS_COARSE_LOCATION" />
18-->src/main/AndroidManifest.xml:4:5-80
18-->src/main/AndroidManifest.xml:4:22-78
19    <!--
20 Required to query activities that can process text, see:
21         https://developer.android.com/training/package-visibility and
22         https://developer.android.com/reference/android/content/Intent#ACTION_PROCESS_TEXT.
23
24         In particular, this is used by the Flutter engine in io.flutter.plugin.text.ProcessTextPlugin.
25    -->
26    <queries>
26-->src/main/AndroidManifest.xml:45:5-50:15
27        <intent>
27-->src/main/AndroidManifest.xml:46:9-49:18
28            <action android:name="android.intent.action.PROCESS_TEXT" />
28-->src/main/AndroidManifest.xml:47:13-72
28-->src/main/AndroidManifest.xml:47:21-70
29
30            <data android:mimeType="text/plain" />
30-->src/main/AndroidManifest.xml:48:13-50
30-->src/main/AndroidManifest.xml:48:19-48
31        </intent>
32    </queries> <!-- Although the *SdkVersion is captured in gradle build files, this is required for non gradle builds -->
33    <!-- <uses-sdk android:minSdkVersion="21" /> -->
34    <uses-permission android:name="android.permission.ACCESS_NETWORK_STATE" />
34-->[com.google.firebase:firebase-firestore:25.1.2] AndroidManifest.xml:10:5-79
34-->[com.google.firebase:firebase-firestore:25.1.2] AndroidManifest.xml:10:22-76
35    <uses-permission android:name="android.permission.POST_NOTIFICATIONS" />
35-->[com.google.firebase:firebase-messaging:24.1.0] AndroidManifest.xml:23:5-77
35-->[com.google.firebase:firebase-messaging:24.1.0] AndroidManifest.xml:23:22-74
36    <uses-permission android:name="android.permission.WAKE_LOCK" /> <!-- Required by older versions of Google Play services to create IID tokens -->
36-->[com.google.firebase:firebase-messaging:24.1.0] AndroidManifest.xml:24:5-68
36-->[com.google.firebase:firebase-messaging:24.1.0] AndroidManifest.xml:24:22-65
37    <uses-permission android:name="com.google.android.c2dm.permission.RECEIVE" />
37-->[com.google.firebase:firebase-messaging:24.1.0] AndroidManifest.xml:26:5-82
37-->[com.google.firebase:firebase-messaging:24.1.0] AndroidManifest.xml:26:22-79
38    <uses-permission android:name="com.google.android.gms.permission.AD_ID" />
38-->[com.google.android.gms:play-services-measurement-api:22.2.0] AndroidManifest.xml:25:5-79
38-->[com.google.android.gms:play-services-measurement-api:22.2.0] AndroidManifest.xml:25:22-76
39    <uses-permission android:name="android.permission.ACCESS_ADSERVICES_ATTRIBUTION" />
39-->[com.google.android.gms:play-services-measurement-api:22.2.0] AndroidManifest.xml:26:5-88
39-->[com.google.android.gms:play-services-measurement-api:22.2.0] AndroidManifest.xml:26:22-85
40    <uses-permission android:name="android.permission.ACCESS_ADSERVICES_AD_ID" />
40-->[com.google.android.gms:play-services-measurement-api:22.2.0] AndroidManifest.xml:27:5-82
40-->[com.google.android.gms:play-services-measurement-api:22.2.0] AndroidManifest.xml:27:22-79
41    <uses-permission android:name="com.google.android.providers.gsf.permission.READ_GSERVICES" />
41-->[com.google.android.recaptcha:recaptcha:18.6.1] AndroidManifest.xml:9:5-98
41-->[com.google.android.recaptcha:recaptcha:18.6.1] AndroidManifest.xml:9:22-95
42    <uses-permission android:name="com.google.android.finsky.permission.BIND_GET_INSTALL_REFERRER_SERVICE" />
42-->[com.google.android.gms:play-services-measurement:22.2.0] AndroidManifest.xml:26:5-110
42-->[com.google.android.gms:play-services-measurement:22.2.0] AndroidManifest.xml:26:22-107
43
44    <permission
44-->[androidx.core:core:1.13.1] AndroidManifest.xml:22:5-24:47
45        android:name="com.example.graduation.DYNAMIC_RECEIVER_NOT_EXPORTED_PERMISSION"
45-->[androidx.core:core:1.13.1] AndroidManifest.xml:23:9-81
46        android:protectionLevel="signature" />
46-->[androidx.core:core:1.13.1] AndroidManifest.xml:24:9-44
47
48    <uses-permission android:name="com.example.graduation.DYNAMIC_RECEIVER_NOT_EXPORTED_PERMISSION" />
48-->[androidx.core:core:1.13.1] AndroidManifest.xml:26:5-97
48-->[androidx.core:core:1.13.1] AndroidManifest.xml:26:22-94
49
50    <application
51        android:name="android.app.Application"
52        android:appComponentFactory="androidx.core.app.CoreComponentFactory"
52-->[androidx.core:core:1.13.1] AndroidManifest.xml:28:18-86
53        android:debuggable="true"
54        android:extractNativeLibs="false"
55        android:icon="@mipmap/ic_launcher"
56        android:label="graduation" >
57        <activity
58            android:name="com.example.graduation.MainActivity"
59            android:configChanges="orientation|keyboardHidden|keyboard|screenSize|smallestScreenSize|locale|layoutDirection|fontScale|screenLayout|density|uiMode"
60            android:exported="true"
61            android:hardwareAccelerated="true"
62            android:launchMode="singleTop"
63            android:taskAffinity=""
64            android:theme="@style/LaunchTheme"
65            android:windowSoftInputMode="adjustResize" >
66
67            <!--
68                 Specifies an Android theme to apply to this Activity as soon as
69                 the Android process has started. This theme is visible to the user
70                 while the Flutter UI initializes. After that, this theme continues
71                 to determine the Window background behind the Flutter UI.
72            -->
73            <meta-data
74                android:name="io.flutter.embedding.android.NormalTheme"
75                android:resource="@style/NormalTheme" />
76
77            <intent-filter>
78                <action android:name="android.intent.action.MAIN" />
79
80                <category android:name="android.intent.category.LAUNCHER" />
81            </intent-filter>
82        </activity>
83        <!--
84             Don't delete the meta-data below.
85             This is used by the Flutter tool to generate GeneratedPluginRegistrant.java
86        -->
87        <meta-data
88            android:name="flutterEmbedding"
89            android:value="2" />
90
91        <service
91-->[:cloud_firestore] AndroidManifest.xml:8:9-12:19
92            android:name="com.google.firebase.components.ComponentDiscoveryService"
92-->[:cloud_firestore] AndroidManifest.xml:8:18-89
93            android:directBootAware="true"
93-->[com.google.firebase:firebase-common:21.0.0] AndroidManifest.xml:32:13-43
94            android:exported="false" >
94-->[com.google.firebase:firebase-crashlytics:19.4.0] AndroidManifest.xml:14:13-37
95            <meta-data
95-->[:cloud_firestore] AndroidManifest.xml:9:13-11:85
96                android:name="com.google.firebase.components:io.flutter.plugins.firebase.firestore.FlutterFirebaseFirestoreRegistrar"
96-->[:cloud_firestore] AndroidManifest.xml:10:17-134
97                android:value="com.google.firebase.components.ComponentRegistrar" />
97-->[:cloud_firestore] AndroidManifest.xml:11:17-82
98            <meta-data
98-->[:firebase_auth] AndroidManifest.xml:9:13-11:85
99                android:name="com.google.firebase.components:io.flutter.plugins.firebase.auth.FlutterFirebaseAuthRegistrar"
99-->[:firebase_auth] AndroidManifest.xml:10:17-124
100                android:value="com.google.firebase.components.ComponentRegistrar" />
100-->[:firebase_auth] AndroidManifest.xml:11:17-82
101            <meta-data
101-->[:firebase_core] AndroidManifest.xml:9:13-11:85
102                android:name="com.google.firebase.components:io.flutter.plugins.firebase.core.FlutterFirebaseCoreRegistrar"
102-->[:firebase_core] AndroidManifest.xml:10:17-124
103                android:value="com.google.firebase.components.ComponentRegistrar" />
103-->[:firebase_core] AndroidManifest.xml:11:17-82
104            <meta-data
104-->[com.google.firebase:firebase-crashlytics:19.4.0] AndroidManifest.xml:15:13-17:85
105                android:name="com.google.firebase.components:com.google.firebase.crashlytics.FirebaseCrashlyticsKtxRegistrar"
105-->[com.google.firebase:firebase-crashlytics:19.4.0] AndroidManifest.xml:16:17-126
106                android:value="com.google.firebase.components.ComponentRegistrar" />
106-->[com.google.firebase:firebase-crashlytics:19.4.0] AndroidManifest.xml:17:17-82
107            <meta-data
107-->[com.google.firebase:firebase-crashlytics:19.4.0] AndroidManifest.xml:18:13-20:85
108                android:name="com.google.firebase.components:com.google.firebase.crashlytics.CrashlyticsRegistrar"
108-->[com.google.firebase:firebase-crashlytics:19.4.0] AndroidManifest.xml:19:17-115
109                android:value="com.google.firebase.components.ComponentRegistrar" />
109-->[com.google.firebase:firebase-crashlytics:19.4.0] AndroidManifest.xml:20:17-82
110            <meta-data
110-->[com.google.firebase:firebase-sessions:2.0.8] AndroidManifest.xml:29:13-31:85
111                android:name="com.google.firebase.components:com.google.firebase.sessions.FirebaseSessionsRegistrar"
111-->[com.google.firebase:firebase-sessions:2.0.8] AndroidManifest.xml:30:17-117
112                android:value="com.google.firebase.components.ComponentRegistrar" />
112-->[com.google.firebase:firebase-sessions:2.0.8] AndroidManifest.xml:31:17-82
113            <meta-data
113-->[com.google.firebase:firebase-firestore:25.1.2] AndroidManifest.xml:17:13-19:85
114                android:name="com.google.firebase.components:com.google.firebase.firestore.FirebaseFirestoreKtxRegistrar"
114-->[com.google.firebase:firebase-firestore:25.1.2] AndroidManifest.xml:18:17-122
115                android:value="com.google.firebase.components.ComponentRegistrar" />
115-->[com.google.firebase:firebase-firestore:25.1.2] AndroidManifest.xml:19:17-82
116            <meta-data
116-->[com.google.firebase:firebase-firestore:25.1.2] AndroidManifest.xml:20:13-22:85
117                android:name="com.google.firebase.components:com.google.firebase.firestore.FirestoreRegistrar"
117-->[com.google.firebase:firebase-firestore:25.1.2] AndroidManifest.xml:21:17-111
118                android:value="com.google.firebase.components.ComponentRegistrar" />
118-->[com.google.firebase:firebase-firestore:25.1.2] AndroidManifest.xml:22:17-82
119            <meta-data
119-->[com.google.firebase:firebase-messaging:24.1.0] AndroidManifest.xml:57:13-59:85
120                android:name="com.google.firebase.components:com.google.firebase.messaging.FirebaseMessagingKtxRegistrar"
120-->[com.google.firebase:firebase-messaging:24.1.0] AndroidManifest.xml:58:17-122
121                android:value="com.google.firebase.components.ComponentRegistrar" />
121-->[com.google.firebase:firebase-messaging:24.1.0] AndroidManifest.xml:59:17-82
122            <meta-data
122-->[com.google.firebase:firebase-messaging:24.1.0] AndroidManifest.xml:60:13-62:85
123                android:name="com.google.firebase.components:com.google.firebase.messaging.FirebaseMessagingRegistrar"
123-->[com.google.firebase:firebase-messaging:24.1.0] AndroidManifest.xml:61:17-119
124                android:value="com.google.firebase.components.ComponentRegistrar" />
124-->[com.google.firebase:firebase-messaging:24.1.0] AndroidManifest.xml:62:17-82
125            <meta-data
125-->[com.google.firebase:firebase-storage:21.0.1] AndroidManifest.xml:30:13-32:85
126                android:name="com.google.firebase.components:com.google.firebase.storage.FirebaseStorageKtxRegistrar"
126-->[com.google.firebase:firebase-storage:21.0.1] AndroidManifest.xml:31:17-118
127                android:value="com.google.firebase.components.ComponentRegistrar" />
127-->[com.google.firebase:firebase-storage:21.0.1] AndroidManifest.xml:32:17-82
128            <meta-data
128-->[com.google.firebase:firebase-storage:21.0.1] AndroidManifest.xml:33:13-35:85
129                android:name="com.google.firebase.components:com.google.firebase.storage.StorageRegistrar"
129-->[com.google.firebase:firebase-storage:21.0.1] AndroidManifest.xml:34:17-107
130                android:value="com.google.firebase.components.ComponentRegistrar" />
130-->[com.google.firebase:firebase-storage:21.0.1] AndroidManifest.xml:35:17-82
131            <meta-data
131-->[com.google.android.gms:play-services-measurement-api:22.2.0] AndroidManifest.xml:33:13-35:85
132                android:name="com.google.firebase.components:com.google.firebase.analytics.connector.internal.AnalyticsConnectorRegistrar"
132-->[com.google.android.gms:play-services-measurement-api:22.2.0] AndroidManifest.xml:34:17-139
133                android:value="com.google.firebase.components.ComponentRegistrar" />
133-->[com.google.android.gms:play-services-measurement-api:22.2.0] AndroidManifest.xml:35:17-82
134            <meta-data
134-->[com.google.firebase:firebase-auth:23.2.0] AndroidManifest.xml:69:13-71:85
135                android:name="com.google.firebase.components:com.google.firebase.auth.FirebaseAuthRegistrar"
135-->[com.google.firebase:firebase-auth:23.2.0] AndroidManifest.xml:70:17-109
136                android:value="com.google.firebase.components.ComponentRegistrar" />
136-->[com.google.firebase:firebase-auth:23.2.0] AndroidManifest.xml:71:17-82
137            <meta-data
137-->[com.google.firebase:firebase-installations:18.0.0] AndroidManifest.xml:15:13-17:85
138                android:name="com.google.firebase.components:com.google.firebase.installations.FirebaseInstallationsKtxRegistrar"
138-->[com.google.firebase:firebase-installations:18.0.0] AndroidManifest.xml:16:17-130
139                android:value="com.google.firebase.components.ComponentRegistrar" />
139-->[com.google.firebase:firebase-installations:18.0.0] AndroidManifest.xml:17:17-82
140            <meta-data
140-->[com.google.firebase:firebase-installations:18.0.0] AndroidManifest.xml:18:13-20:85
141                android:name="com.google.firebase.components:com.google.firebase.installations.FirebaseInstallationsRegistrar"
141-->[com.google.firebase:firebase-installations:18.0.0] AndroidManifest.xml:19:17-127
142                android:value="com.google.firebase.components.ComponentRegistrar" />
142-->[com.google.firebase:firebase-installations:18.0.0] AndroidManifest.xml:20:17-82
143            <meta-data
143-->[com.google.firebase:firebase-appcheck:18.0.0] AndroidManifest.xml:25:13-27:85
144                android:name="com.google.firebase.components:com.google.firebase.appcheck.FirebaseAppCheckKtxRegistrar"
144-->[com.google.firebase:firebase-appcheck:18.0.0] AndroidManifest.xml:26:17-120
145                android:value="com.google.firebase.components.ComponentRegistrar" />
145-->[com.google.firebase:firebase-appcheck:18.0.0] AndroidManifest.xml:27:17-82
146            <meta-data
146-->[com.google.firebase:firebase-appcheck:18.0.0] AndroidManifest.xml:28:13-30:85
147                android:name="com.google.firebase.components:com.google.firebase.appcheck.FirebaseAppCheckRegistrar"
147-->[com.google.firebase:firebase-appcheck:18.0.0] AndroidManifest.xml:29:17-117
148                android:value="com.google.firebase.components.ComponentRegistrar" />
148-->[com.google.firebase:firebase-appcheck:18.0.0] AndroidManifest.xml:30:17-82
149            <meta-data
149-->[com.google.firebase:firebase-common-ktx:21.0.0] AndroidManifest.xml:12:13-14:85
150                android:name="com.google.firebase.components:com.google.firebase.ktx.FirebaseCommonLegacyRegistrar"
150-->[com.google.firebase:firebase-common-ktx:21.0.0] AndroidManifest.xml:13:17-116
151                android:value="com.google.firebase.components.ComponentRegistrar" />
151-->[com.google.firebase:firebase-common-ktx:21.0.0] AndroidManifest.xml:14:17-82
152            <meta-data
152-->[com.google.firebase:firebase-datatransport:19.0.0] AndroidManifest.xml:25:13-27:85
153                android:name="com.google.firebase.components:com.google.firebase.datatransport.TransportRegistrar"
153-->[com.google.firebase:firebase-datatransport:19.0.0] AndroidManifest.xml:26:17-115
154                android:value="com.google.firebase.components.ComponentRegistrar" />
154-->[com.google.firebase:firebase-datatransport:19.0.0] AndroidManifest.xml:27:17-82
155            <meta-data
155-->[com.google.firebase:firebase-common:21.0.0] AndroidManifest.xml:35:13-37:85
156                android:name="com.google.firebase.components:com.google.firebase.FirebaseCommonKtxRegistrar"
156-->[com.google.firebase:firebase-common:21.0.0] AndroidManifest.xml:36:17-109
157                android:value="com.google.firebase.components.ComponentRegistrar" />
157-->[com.google.firebase:firebase-common:21.0.0] AndroidManifest.xml:37:17-82
158        </service>
159        <service
159-->[com.google.firebase:firebase-sessions:2.0.8] AndroidManifest.xml:22:9-25:40
160            android:name="com.google.firebase.sessions.SessionLifecycleService"
160-->[com.google.firebase:firebase-sessions:2.0.8] AndroidManifest.xml:23:13-80
161            android:enabled="true"
161-->[com.google.firebase:firebase-sessions:2.0.8] AndroidManifest.xml:24:13-35
162            android:exported="false" />
162-->[com.google.firebase:firebase-sessions:2.0.8] AndroidManifest.xml:25:13-37
163
164        <receiver
164-->[com.google.firebase:firebase-messaging:24.1.0] AndroidManifest.xml:29:9-40:20
165            android:name="com.google.firebase.iid.FirebaseInstanceIdReceiver"
165-->[com.google.firebase:firebase-messaging:24.1.0] AndroidManifest.xml:30:13-78
166            android:exported="true"
166-->[com.google.firebase:firebase-messaging:24.1.0] AndroidManifest.xml:31:13-36
167            android:permission="com.google.android.c2dm.permission.SEND" >
167-->[com.google.firebase:firebase-messaging:24.1.0] AndroidManifest.xml:32:13-73
168            <intent-filter>
168-->[com.google.firebase:firebase-messaging:24.1.0] AndroidManifest.xml:33:13-35:29
169                <action android:name="com.google.android.c2dm.intent.RECEIVE" />
169-->[com.google.firebase:firebase-messaging:24.1.0] AndroidManifest.xml:34:17-81
169-->[com.google.firebase:firebase-messaging:24.1.0] AndroidManifest.xml:34:25-78
170            </intent-filter>
171
172            <meta-data
172-->[com.google.firebase:firebase-messaging:24.1.0] AndroidManifest.xml:37:13-39:40
173                android:name="com.google.android.gms.cloudmessaging.FINISHED_AFTER_HANDLED"
173-->[com.google.firebase:firebase-messaging:24.1.0] AndroidManifest.xml:38:17-92
174                android:value="true" />
174-->[com.google.firebase:firebase-messaging:24.1.0] AndroidManifest.xml:39:17-37
175        </receiver>
176        <!--
177             FirebaseMessagingService performs security checks at runtime,
178             but set to not exported to explicitly avoid allowing another app to call it.
179        -->
180        <service
180-->[com.google.firebase:firebase-messaging:24.1.0] AndroidManifest.xml:46:9-53:19
181            android:name="com.google.firebase.messaging.FirebaseMessagingService"
181-->[com.google.firebase:firebase-messaging:24.1.0] AndroidManifest.xml:47:13-82
182            android:directBootAware="true"
182-->[com.google.firebase:firebase-messaging:24.1.0] AndroidManifest.xml:48:13-43
183            android:exported="false" >
183-->[com.google.firebase:firebase-messaging:24.1.0] AndroidManifest.xml:49:13-37
184            <intent-filter android:priority="-500" >
184-->[com.google.firebase:firebase-messaging:24.1.0] AndroidManifest.xml:50:13-52:29
184-->[com.google.firebase:firebase-messaging:24.1.0] AndroidManifest.xml:50:28-51
185                <action android:name="com.google.firebase.MESSAGING_EVENT" />
185-->[com.google.firebase:firebase-messaging:24.1.0] AndroidManifest.xml:51:17-78
185-->[com.google.firebase:firebase-messaging:24.1.0] AndroidManifest.xml:51:25-75
186            </intent-filter>
187        </service>
188
189        <activity
189-->[com.google.firebase:firebase-auth:23.2.0] AndroidManifest.xml:29:9-46:20
190            android:name="com.google.firebase.auth.internal.GenericIdpActivity"
190-->[com.google.firebase:firebase-auth:23.2.0] AndroidManifest.xml:30:13-80
191            android:excludeFromRecents="true"
191-->[com.google.firebase:firebase-auth:23.2.0] AndroidManifest.xml:31:13-46
192            android:exported="true"
192-->[com.google.firebase:firebase-auth:23.2.0] AndroidManifest.xml:32:13-36
193            android:launchMode="singleTask"
193-->[com.google.firebase:firebase-auth:23.2.0] AndroidManifest.xml:33:13-44
194            android:theme="@android:style/Theme.Translucent.NoTitleBar" >
194-->[com.google.firebase:firebase-auth:23.2.0] AndroidManifest.xml:34:13-72
195            <intent-filter>
195-->[com.google.firebase:firebase-auth:23.2.0] AndroidManifest.xml:35:13-45:29
196                <action android:name="android.intent.action.VIEW" />
196-->[com.google.firebase:firebase-auth:23.2.0] AndroidManifest.xml:36:17-69
196-->[com.google.firebase:firebase-auth:23.2.0] AndroidManifest.xml:36:25-66
197
198                <category android:name="android.intent.category.DEFAULT" />
198-->[com.google.firebase:firebase-auth:23.2.0] AndroidManifest.xml:38:17-76
198-->[com.google.firebase:firebase-auth:23.2.0] AndroidManifest.xml:38:27-73
199                <category android:name="android.intent.category.BROWSABLE" />
199-->[com.google.firebase:firebase-auth:23.2.0] AndroidManifest.xml:39:17-78
199-->[com.google.firebase:firebase-auth:23.2.0] AndroidManifest.xml:39:27-75
200
201                <data
201-->src/main/AndroidManifest.xml:48:13-50
202                    android:host="firebase.auth"
203                    android:path="/"
204                    android:scheme="genericidp" />
205            </intent-filter>
206        </activity>
207        <activity
207-->[com.google.firebase:firebase-auth:23.2.0] AndroidManifest.xml:47:9-64:20
208            android:name="com.google.firebase.auth.internal.RecaptchaActivity"
208-->[com.google.firebase:firebase-auth:23.2.0] AndroidManifest.xml:48:13-79
209            android:excludeFromRecents="true"
209-->[com.google.firebase:firebase-auth:23.2.0] AndroidManifest.xml:49:13-46
210            android:exported="true"
210-->[com.google.firebase:firebase-auth:23.2.0] AndroidManifest.xml:50:13-36
211            android:launchMode="singleTask"
211-->[com.google.firebase:firebase-auth:23.2.0] AndroidManifest.xml:51:13-44
212            android:theme="@android:style/Theme.Translucent.NoTitleBar" >
212-->[com.google.firebase:firebase-auth:23.2.0] AndroidManifest.xml:52:13-72
213            <intent-filter>
213-->[com.google.firebase:firebase-auth:23.2.0] AndroidManifest.xml:53:13-63:29
214                <action android:name="android.intent.action.VIEW" />
214-->[com.google.firebase:firebase-auth:23.2.0] AndroidManifest.xml:36:17-69
214-->[com.google.firebase:firebase-auth:23.2.0] AndroidManifest.xml:36:25-66
215
216                <category android:name="android.intent.category.DEFAULT" />
216-->[com.google.firebase:firebase-auth:23.2.0] AndroidManifest.xml:38:17-76
216-->[com.google.firebase:firebase-auth:23.2.0] AndroidManifest.xml:38:27-73
217                <category android:name="android.intent.category.BROWSABLE" />
217-->[com.google.firebase:firebase-auth:23.2.0] AndroidManifest.xml:39:17-78
217-->[com.google.firebase:firebase-auth:23.2.0] AndroidManifest.xml:39:27-75
218
219                <data
219-->src/main/AndroidManifest.xml:48:13-50
220                    android:host="firebase.auth"
221                    android:path="/"
222                    android:scheme="recaptcha" />
223            </intent-filter>
224        </activity>
225
226        <service
226-->[com.google.android.datatransport:transport-backend-cct:3.3.0] AndroidManifest.xml:26:9-32:19
227            android:name="com.google.android.datatransport.runtime.backends.TransportBackendDiscovery"
227-->[com.google.android.datatransport:transport-backend-cct:3.3.0] AndroidManifest.xml:27:13-103
228            android:exported="false" >
228-->[com.google.android.datatransport:transport-backend-cct:3.3.0] AndroidManifest.xml:28:13-37
229            <meta-data
229-->[com.google.android.datatransport:transport-backend-cct:3.3.0] AndroidManifest.xml:29:13-31:39
230                android:name="backend:com.google.android.datatransport.cct.CctBackendFactory"
230-->[com.google.android.datatransport:transport-backend-cct:3.3.0] AndroidManifest.xml:30:17-94
231                android:value="cct" />
231-->[com.google.android.datatransport:transport-backend-cct:3.3.0] AndroidManifest.xml:31:17-36
232        </service>
233        <service
233-->[:geolocator_android] AndroidManifest.xml:8:9-12:56
234            android:name="com.baseflow.geolocator.GeolocatorLocationService"
234-->[:geolocator_android] AndroidManifest.xml:9:13-77
235            android:enabled="true"
235-->[:geolocator_android] AndroidManifest.xml:10:13-35
236            android:exported="false"
236-->[:geolocator_android] AndroidManifest.xml:11:13-37
237            android:foregroundServiceType="location" />
237-->[:geolocator_android] AndroidManifest.xml:12:13-53
238
239        <provider
239-->[:image_picker_android] AndroidManifest.xml:9:9-17:20
240            android:name="io.flutter.plugins.imagepicker.ImagePickerFileProvider"
240-->[:image_picker_android] AndroidManifest.xml:10:13-82
241            android:authorities="com.example.graduation.flutter.image_provider"
241-->[:image_picker_android] AndroidManifest.xml:11:13-74
242            android:exported="false"
242-->[:image_picker_android] AndroidManifest.xml:12:13-37
243            android:grantUriPermissions="true" >
243-->[:image_picker_android] AndroidManifest.xml:13:13-47
244            <meta-data
244-->[:image_picker_android] AndroidManifest.xml:14:13-16:75
245                android:name="android.support.FILE_PROVIDER_PATHS"
245-->[:image_picker_android] AndroidManifest.xml:15:17-67
246                android:resource="@xml/flutter_image_picker_file_paths" />
246-->[:image_picker_android] AndroidManifest.xml:16:17-72
247        </provider> <!-- Trigger Google Play services to install the backported photo picker module. -->
248        <service
248-->[:image_picker_android] AndroidManifest.xml:19:9-31:19
249            android:name="com.google.android.gms.metadata.ModuleDependencies"
249-->[:image_picker_android] AndroidManifest.xml:20:13-78
250            android:enabled="false"
250-->[:image_picker_android] AndroidManifest.xml:21:13-36
251            android:exported="false" >
251-->[:image_picker_android] AndroidManifest.xml:22:13-37
252            <intent-filter>
252-->[:image_picker_android] AndroidManifest.xml:24:13-26:29
253                <action android:name="com.google.android.gms.metadata.MODULE_DEPENDENCIES" />
253-->[:image_picker_android] AndroidManifest.xml:25:17-94
253-->[:image_picker_android] AndroidManifest.xml:25:25-91
254            </intent-filter>
255
256            <meta-data
256-->[:image_picker_android] AndroidManifest.xml:28:13-30:36
257                android:name="photopicker_activity:0:required"
257-->[:image_picker_android] AndroidManifest.xml:29:17-63
258                android:value="" />
258-->[:image_picker_android] AndroidManifest.xml:30:17-33
259        </service>
260
261        <receiver
261-->[com.google.android.gms:play-services-measurement:22.2.0] AndroidManifest.xml:29:9-33:20
262            android:name="com.google.android.gms.measurement.AppMeasurementReceiver"
262-->[com.google.android.gms:play-services-measurement:22.2.0] AndroidManifest.xml:30:13-85
263            android:enabled="true"
263-->[com.google.android.gms:play-services-measurement:22.2.0] AndroidManifest.xml:31:13-35
264            android:exported="false" >
264-->[com.google.android.gms:play-services-measurement:22.2.0] AndroidManifest.xml:32:13-37
265        </receiver>
266
267        <service
267-->[com.google.android.gms:play-services-measurement:22.2.0] AndroidManifest.xml:35:9-38:40
268            android:name="com.google.android.gms.measurement.AppMeasurementService"
268-->[com.google.android.gms:play-services-measurement:22.2.0] AndroidManifest.xml:36:13-84
269            android:enabled="true"
269-->[com.google.android.gms:play-services-measurement:22.2.0] AndroidManifest.xml:37:13-35
270            android:exported="false" />
270-->[com.google.android.gms:play-services-measurement:22.2.0] AndroidManifest.xml:38:13-37
271        <service
271-->[com.google.android.gms:play-services-measurement:22.2.0] AndroidManifest.xml:39:9-43:72
272            android:name="com.google.android.gms.measurement.AppMeasurementJobService"
272-->[com.google.android.gms:play-services-measurement:22.2.0] AndroidManifest.xml:40:13-87
273            android:enabled="true"
273-->[com.google.android.gms:play-services-measurement:22.2.0] AndroidManifest.xml:41:13-35
274            android:exported="false"
274-->[com.google.android.gms:play-services-measurement:22.2.0] AndroidManifest.xml:42:13-37
275            android:permission="android.permission.BIND_JOB_SERVICE" />